{"E:\\Users\\Bloti\\Downloads\\surveys-web\\src\\data\\test\\mock-http-client.ts": {"path":"E:\\Users\\Bloti\\Downloads\\surveys-web\\src\\data\\test\\mock-http-client.ts","statementMap":{"0":{"start":{"line":8,"column":4},"end":{"line":8,"column":null}},"1":{"start":{"line":9,"column":4},"end":{"line":9,"column":null}},"2":{"start":{"line":10,"column":4},"end":{"line":10,"column":null}},"3":{"start":{"line":3,"column":0},"end":{"line":3,"column":13}}},"fnMap":{"0":{"name":"(anonymous_7)","decl":{"start":{"line":7,"column":8},"end":{"line":7,"column":12}},"loc":{"start":{"line":7,"column":36},"end":{"line":11,"column":null}}}},"branchMap":{},"s":{"0":2,"1":2,"2":2,"3":1},"f":{"0":2},"b":{}}
,"E:\\Users\\Bloti\\Downloads\\surveys-web\\src\\data\\usecases\\authentication\\remote-authentication.ts": {"path":"E:\\Users\\Bloti\\Downloads\\surveys-web\\src\\data\\usecases\\authentication\\remote-authentication.ts","statementMap":{"0":{"start":{"line":6,"column":21},"end":{"line":6,"column":32}},"1":{"start":{"line":7,"column":21},"end":{"line":7,"column":50}},"2":{"start":{"line":10,"column":4},"end":{"line":10,"column":null}},"3":{"start":{"line":4,"column":0},"end":{"line":4,"column":13}}},"fnMap":{"0":{"name":"(anonymous_7)","decl":{"start":{"line":5,"column":2},"end":{"line":5,"column":null}},"loc":{"start":{"line":7,"column":50},"end":{"line":7,"column":54}}},"1":{"name":"(anonymous_8)","decl":{"start":{"line":9,"column":8},"end":{"line":9,"column":12}},"loc":{"start":{"line":9,"column":42},"end":{"line":11,"column":null}}}},"branchMap":{},"s":{"0":2,"1":2,"2":2,"3":1},"f":{"0":2,"1":2},"b":{}}
,"E:\\Users\\Bloti\\Downloads\\surveys-web\\src\\domain\\test\\mock-authentication.ts": {"path":"E:\\Users\\Bloti\\Downloads\\surveys-web\\src\\domain\\test\\mock-authentication.ts","statementMap":{"0":{"start":{"line":2,"column":0},"end":{"line":2,"column":25}},"1":{"start":{"line":4,"column":13},"end":{"line":7,"column":null}},"2":{"start":{"line":4,"column":63},"end":{"line":7,"column":2}}},"fnMap":{"0":{"name":"(anonymous_1)","decl":{"start":{"line":4,"column":34},"end":{"line":4,"column":59}},"loc":{"start":{"line":4,"column":63},"end":{"line":7,"column":2}}}},"branchMap":{},"s":{"0":1,"1":1,"2":2},"f":{"0":2},"b":{}}
}
