TN:
SF:src\data\test\mock-http-client.ts
FN:7,(anonymous_7)
FNF:1
FNH:1
FNDA:2,(anonymous_7)
DA:3,1
DA:8,2
DA:9,2
DA:10,2
LF:4
LH:4
BRF:0
BRH:0
end_of_record
TN:
SF:src\data\usecases\authentication\remote-authentication.ts
FN:5,(anonymous_7)
FN:9,(anonymous_8)
FNF:2
FNH:2
FNDA:2,(anonymous_7)
FNDA:2,(anonymous_8)
DA:4,1
DA:6,2
DA:7,2
DA:10,2
LF:4
LH:4
BRF:0
BRH:0
end_of_record
TN:
SF:src\domain\test\mock-authentication.ts
FN:4,(anonymous_1)
FNF:1
FNH:1
FNDA:2,(anonymous_1)
DA:2,1
DA:4,2
LF:2
LH:2
BRF:0
BRH:0
end_of_record
